==14828== Memcheck, a memory error detector
==14828== Copyright (C) 2002-2013, and GNU GPL'd, by Julian Seward et al.
==14828== Using Valgrind-3.10.1 and LibVEX; rerun with -h for copyright info
==14828== Command: ./ltest
==14828== Parent PID: 27589
==14828== 
==14828== Invalid read of size 4
==14828==    at 0x400F97: List::exists(int) const (list.cc:30)
==14828==    by 0x400CC6: main (ltest.cc:25)
==14828==  Address 0x0 is not stack'd, malloc'd or (recently) free'd
==14828== 
==14828== 
==14828== Process terminating with default action of signal 11 (SIGSEGV)
==14828==  Access not within mapped region at address 0x0
==14828==    at 0x400F97: List::exists(int) const (list.cc:30)
==14828==    by 0x400CC6: main (ltest.cc:25)
==14828==  If you believe this happened as a result of a stack
==14828==  overflow in your program's main thread (unlikely but
==14828==  possible), you can try to increase the size of the
==14828==  main thread stack using the --main-stacksize= flag.
==14828==  The main thread stack size used in this run was 8388608.
==14828== 
==14828== HEAP SUMMARY:
==14828==     in use at exit: 96 bytes in 6 blocks
==14828==   total heap usage: 6 allocs, 0 frees, 96 bytes allocated
==14828== 
==14828== 16 bytes in 1 blocks are still reachable in loss record 1 of 2
==14828==    at 0x4C2B0E0: operator new(unsigned long) (in /usr/lib/valgrind/vgpreload_memcheck-amd64-linux.so)
==14828==    by 0x401020: List::insertFirst(int) (list.cc:50)
==14828==    by 0x400B79: main (ltest.cc:15)
==14828== 
==14828== 80 bytes in 5 blocks are still reachable in loss record 2 of 2
==14828==    at 0x4C2B0E0: operator new(unsigned long) (in /usr/lib/valgrind/vgpreload_memcheck-amd64-linux.so)
==14828==    by 0x40105C: List::insertFirst(int) (list.cc:54)
==14828==    by 0x400B79: main (ltest.cc:15)
==14828== 
==14828== LEAK SUMMARY:
==14828==    definitely lost: 0 bytes in 0 blocks
==14828==    indirectly lost: 0 bytes in 0 blocks
==14828==      possibly lost: 0 bytes in 0 blocks
==14828==    still reachable: 96 bytes in 6 blocks
==14828==         suppressed: 0 bytes in 0 blocks
==14828== 
==14828== For counts of detected and suppressed errors, rerun with: -v
==14828== ERROR SUMMARY: 1 errors from 1 contexts (suppressed: 0 from 0)
